Flow report for FPGA_EXP3_fhr
Wed Oct 23 20:27:07 2024
Quartus II 64-Bit Version 13.1.0 Build 162 10/23/2013 SJ Full Version


---------------------
; Table of Contents ;
---------------------
  1. Legal Notice
  2. Flow Summary
  3. Flow Settings
  4. Flow Non-Default Global Settings
  5. Flow Elapsed Time
  6. Flow OS Summary
  7. Flow Log
  8. Flow Messages
  9. Flow Suppressed Messages



----------------
; Legal Notice ;
----------------
Copyright (C) 1991-2013 Altera Corporation
Your use of Altera Corporation's design tools, logic functions 
and other software and tools, and its AMPP partner logic 
functions, and any output files from any of the foregoing 
(including device programming or simulation files), and any 
associated documentation or information are expressly subject 
to the terms and conditions of the Altera Program License 
Subscription Agreement, Altera MegaCore Function License 
Agreement, or other applicable license agreement, including, 
without limitation, that your use is for the sole purpose of 
programming logic devices manufactured by Altera and sold by 
Altera or its authorized distributors.  Please refer to the 
applicable agreement for further details.



+-------------------------------------------------------------------------------+
; Flow Summary                                                                  ;
+---------------------------------+---------------------------------------------+
; Flow Status                     ; Successful - Wed Oct 23 20:27:07 2024       ;
; Quartus II 64-Bit Version       ; 13.1.0 Build 162 10/23/2013 SJ Full Version ;
; Revision Name                   ; FPGA_EXP3_fhr                               ;
; Top-level Entity Name           ; FPGA_EXP3_fhr                               ;
; Family                          ; Cyclone V                                   ;
; Device                          ; 5CEFA2F23C8                                 ;
; Timing Models                   ; Final                                       ;
; Logic utilization (in ALMs)     ; 29 / 9,430 ( < 1 % )                        ;
; Total registers                 ; 50                                          ;
; Total pins                      ; 9 / 224 ( 4 % )                             ;
; Total virtual pins              ; 0                                           ;
; Total block memory bits         ; 0 / 1,802,240 ( 0 % )                       ;
; Total DSP Blocks                ; 0 / 25 ( 0 % )                              ;
; Total HSSI RX PCSs              ; 0                                           ;
; Total HSSI PMA RX Deserializers ; 0                                           ;
; Total HSSI TX PCSs              ; 0                                           ;
; Total HSSI TX Channels          ; 0                                           ;
; Total PLLs                      ; 0 / 4 ( 0 % )                               ;
; Total DLLs                      ; 0 / 4 ( 0 % )                               ;
+---------------------------------+---------------------------------------------+


+-----------------------------------------+
; Flow Settings                           ;
+-------------------+---------------------+
; Option            ; Setting             ;
+-------------------+---------------------+
; Start date & time ; 10/23/2024 20:26:45 ;
; Main task         ; Compilation         ;
; Revision Name     ; FPGA_EXP3_fhr       ;
+-------------------+---------------------+


+------------------------------------------------------------------------------------------------------------------------+
; Flow Non-Default Global Settings                                                                                       ;
+--------------------------------------+--------------------------------+---------------+-------------+------------------+
; Assignment Name                      ; Value                          ; Default Value ; Entity Name ; Section Id       ;
+--------------------------------------+--------------------------------+---------------+-------------+------------------+
; COMPILER_SIGNATURE_ID                ; 96830612050029.172968640520048 ; --            ; --          ; --               ;
; EDA_DESIGN_INSTANCE_NAME             ; NA                             ; --            ; --          ; FPGA_EXP3_fhr_tb ;
; EDA_NATIVELINK_SIMULATION_TEST_BENCH ; FPGA_EXP3_fhr_tb               ; --            ; --          ; eda_simulation   ;
; EDA_OUTPUT_DATA_FORMAT               ; Verilog Hdl                    ; --            ; --          ; eda_simulation   ;
; EDA_SIMULATION_TOOL                  ; ModelSim (Verilog)             ; <None>        ; --          ; --               ;
; EDA_TEST_BENCH_ENABLE_STATUS         ; TEST_BENCH_MODE                ; --            ; --          ; eda_simulation   ;
; EDA_TEST_BENCH_FILE                  ; FPGA_EXP3_fhr_tb.v             ; --            ; --          ; FPGA_EXP3_fhr_tb ;
; EDA_TEST_BENCH_MODULE_NAME           ; FPGA_EXP3_fhr_tb               ; --            ; --          ; FPGA_EXP3_fhr_tb ;
; EDA_TEST_BENCH_NAME                  ; FPGA_EXP3_fhr_tb               ; --            ; --          ; eda_simulation   ;
; EDA_TEST_BENCH_RUN_SIM_FOR           ; 10000 ns                       ; --            ; --          ; FPGA_EXP3_fhr_tb ;
; EDA_TIME_SCALE                       ; 1 ps                           ; --            ; --          ; eda_simulation   ;
; MAX_CORE_JUNCTION_TEMP               ; 85                             ; --            ; --          ; --               ;
; MIN_CORE_JUNCTION_TEMP               ; 0                              ; --            ; --          ; --               ;
; PARTITION_COLOR                      ; 16764057                       ; --            ; --          ; Top              ;
; PARTITION_FITTER_PRESERVATION_LEVEL  ; PLACEMENT_AND_ROUTING          ; --            ; --          ; Top              ;
; PARTITION_NETLIST_TYPE               ; SOURCE                         ; --            ; --          ; Top              ;
; PROJECT_OUTPUT_DIRECTORY             ; output_files                   ; --            ; --          ; --               ;
+--------------------------------------+--------------------------------+---------------+-------------+------------------+


+-------------------------------------------------------------------------------------------------------------------------------+
; Flow Elapsed Time                                                                                                             ;
+---------------------------+--------------+-------------------------+---------------------+------------------------------------+
; Module Name               ; Elapsed Time ; Average Processors Used ; Peak Virtual Memory ; Total CPU Time (on all processors) ;
+---------------------------+--------------+-------------------------+---------------------+------------------------------------+
; Analysis & Synthesis      ; 00:00:01     ; 1.0                     ; 4712 MB             ; 00:00:00                           ;
; Fitter                    ; 00:00:11     ; 2.7                     ; 6224 MB             ; 00:00:03                           ;
; Assembler                 ; 00:00:03     ; 1.0                     ; 4740 MB             ; 00:00:00                           ;
; TimeQuest Timing Analyzer ; 00:00:04     ; 1.0                     ; 5008 MB             ; 00:00:00                           ;
; EDA Netlist Writer        ; 00:00:00     ; 1.0                     ; 4638 MB             ; 00:00:00                           ;
; Total                     ; 00:00:19     ; --                      ; --                  ; 00:00:03                           ;
+---------------------------+--------------+-------------------------+---------------------+------------------------------------+


+----------------------------------------------------------------------------------------+
; Flow OS Summary                                                                        ;
+---------------------------+------------------+-----------+------------+----------------+
; Module Name               ; Machine Hostname ; OS Name   ; OS Version ; Processor type ;
+---------------------------+------------------+-----------+------------+----------------+
; Analysis & Synthesis      ; LAPTOP-A8C6JAJ6  ; Windows 7 ; 6.2        ; x86_64         ;
; Fitter                    ; LAPTOP-A8C6JAJ6  ; Windows 7 ; 6.2        ; x86_64         ;
; Assembler                 ; LAPTOP-A8C6JAJ6  ; Windows 7 ; 6.2        ; x86_64         ;
; TimeQuest Timing Analyzer ; LAPTOP-A8C6JAJ6  ; Windows 7 ; 6.2        ; x86_64         ;
; EDA Netlist Writer        ; LAPTOP-A8C6JAJ6  ; Windows 7 ; 6.2        ; x86_64         ;
+---------------------------+------------------+-----------+------------+----------------+


------------
; Flow Log ;
------------
quartus_map --read_settings_files=on --write_settings_files=off FPGA_EXP3_fhr -c FPGA_EXP3_fhr
quartus_fit --read_settings_files=off --write_settings_files=off FPGA_EXP3_fhr -c FPGA_EXP3_fhr
quartus_asm --read_settings_files=off --write_settings_files=off FPGA_EXP3_fhr -c FPGA_EXP3_fhr
quartus_sta FPGA_EXP3_fhr -c FPGA_EXP3_fhr
quartus_eda --read_settings_files=off --write_settings_files=off FPGA_EXP3_fhr -c FPGA_EXP3_fhr



