Flow report for FPGA_EXP5
Wed Nov 06 20:18:17 2024
Quartus II 64-Bit Version 13.1.0 Build 162 10/23/2013 SJ Full Version


---------------------
; Table of Contents ;
---------------------
  1. Legal Notice
  2. Flow Summary
  3. Flow Settings
  4. Flow Non-Default Global Settings
  5. Flow Elapsed Time
  6. Flow OS Summary
  7. Flow Log
  8. Flow Messages
  9. Flow Suppressed Messages



----------------
; Legal Notice ;
----------------
Copyright (C) 1991-2013 Altera Corporation
Your use of Altera Corporation's design tools, logic functions 
and other software and tools, and its AMPP partner logic 
functions, and any output files from any of the foregoing 
(including device programming or simulation files), and any 
associated documentation or information are expressly subject 
to the terms and conditions of the Altera Program License 
Subscription Agreement, Altera MegaCore Function License 
Agreement, or other applicable license agreement, including, 
without limitation, that your use is for the sole purpose of 
programming logic devices manufactured by Altera and sold by 
Altera or its authorized distributors.  Please refer to the 
applicable agreement for further details.



+-------------------------------------------------------------------------------+
; Flow Summary                                                                  ;
+---------------------------------+---------------------------------------------+
; Flow Status                     ; Successful - Wed Nov 06 20:18:17 2024       ;
; Quartus II 64-Bit Version       ; 13.1.0 Build 162 10/23/2013 SJ Full Version ;
; Revision Name                   ; FPGA_EXP5                                   ;
; Top-level Entity Name           ; FPGA_EXP5                                   ;
; Family                          ; Cyclone V                                   ;
; Device                          ; 5CEFA2F23C8                                 ;
; Timing Models                   ; Final                                       ;
; Logic utilization (in ALMs)     ; 308 / 9,430 ( 3 % )                         ;
; Total registers                 ; 593                                         ;
; Total pins                      ; 10 / 224 ( 4 % )                            ;
; Total virtual pins              ; 0                                           ;
; Total block memory bits         ; 45,056 / 1,802,240 ( 3 % )                  ;
; Total DSP Blocks                ; 0 / 25 ( 0 % )                              ;
; Total HSSI RX PCSs              ; 0                                           ;
; Total HSSI PMA RX Deserializers ; 0                                           ;
; Total HSSI TX PCSs              ; 0                                           ;
; Total HSSI TX Channels          ; 0                                           ;
; Total PLLs                      ; 0 / 4 ( 0 % )                               ;
; Total DLLs                      ; 0 / 4 ( 0 % )                               ;
+---------------------------------+---------------------------------------------+


+-----------------------------------------+
; Flow Settings                           ;
+-------------------+---------------------+
; Option            ; Setting             ;
+-------------------+---------------------+
; Start date & time ; 11/06/2024 20:17:47 ;
; Main task         ; Compilation         ;
; Revision Name     ; FPGA_EXP5           ;
+-------------------+---------------------+


+------------------------------------------------------------------------------------------------------------------------------------------------------------------+
; Flow Non-Default Global Settings                                                                                                                                 ;
+--------------------------------------+--------------------------------------------------------------------------+---------------+-------------+------------------+
; Assignment Name                      ; Value                                                                    ; Default Value ; Entity Name ; Section Id       ;
+--------------------------------------+--------------------------------------------------------------------------+---------------+-------------+------------------+
; COMPILER_SIGNATURE_ID                ; 96830612050029.173089546703540                                           ; --            ; --          ; --               ;
; EDA_DESIGN_INSTANCE_NAME             ; NA                                                                       ; --            ; --          ; FPGA_EXP5_tb     ;
; EDA_NATIVELINK_SIMULATION_TEST_BENCH ; FPGA_EXP5_tb                                                             ; --            ; --          ; eda_simulation   ;
; EDA_OUTPUT_DATA_FORMAT               ; Verilog Hdl                                                              ; --            ; --          ; eda_simulation   ;
; EDA_SIMULATION_TOOL                  ; ModelSim (Verilog)                                                       ; <None>        ; --          ; --               ;
; EDA_TEST_BENCH_ENABLE_STATUS         ; TEST_BENCH_MODE                                                          ; --            ; --          ; eda_simulation   ;
; EDA_TEST_BENCH_FILE                  ; FPGA_EXP5_tb.v                                                           ; --            ; --          ; FPGA_EXP5_tb     ;
; EDA_TEST_BENCH_MODULE_NAME           ; FPGA_EXP5_tb                                                             ; --            ; --          ; FPGA_EXP5_tb     ;
; EDA_TEST_BENCH_NAME                  ; FPGA_EXP5_tb                                                             ; --            ; --          ; eda_simulation   ;
; EDA_TEST_BENCH_RUN_SIM_FOR           ; 20 us                                                                    ; --            ; --          ; FPGA_EXP5_tb     ;
; EDA_TIME_SCALE                       ; 1 ps                                                                     ; --            ; --          ; eda_simulation   ;
; ENABLE_SIGNALTAP                     ; On                                                                       ; --            ; --          ; --               ;
; IP_TOOL_NAME                         ; ROM: 1-PORT                                                              ; --            ; --          ; --               ;
; IP_TOOL_VERSION                      ; 13.1                                                                     ; --            ; --          ; --               ;
; MAX_CORE_JUNCTION_TEMP               ; 85                                                                       ; --            ; --          ; --               ;
; MIN_CORE_JUNCTION_TEMP               ; 0                                                                        ; --            ; --          ; --               ;
; MISC_FILE                            ; mystorage_inst.v                                                         ; --            ; --          ; --               ;
; MISC_FILE                            ; mystorage_bb.v                                                           ; --            ; --          ; --               ;
; MISC_FILE                            ; mystorage.cmp                                                            ; --            ; --          ; --               ;
; PARTITION_COLOR                      ; 16764057                                                                 ; --            ; --          ; Top              ;
; PARTITION_FITTER_PRESERVATION_LEVEL  ; PLACEMENT_AND_ROUTING                                                    ; --            ; --          ; Top              ;
; PARTITION_NETLIST_TYPE               ; SOURCE                                                                   ; --            ; --          ; Top              ;
; PROJECT_OUTPUT_DIRECTORY             ; output_files                                                             ; --            ; --          ; --               ;
; SLD_FILE                             ; db/stp1_auto_stripped.stp                                                ; --            ; --          ; --               ;
; SLD_NODE_CREATOR_ID                  ; 110                                                                      ; --            ; --          ; auto_signaltap_0 ;
; SLD_NODE_ENTITY_NAME                 ; sld_signaltap                                                            ; --            ; --          ; auto_signaltap_0 ;
; SLD_NODE_PARAMETER_ASSIGNMENT        ; SLD_RAM_BLOCK_TYPE=AUTO                                                  ; --            ; --          ; auto_signaltap_0 ;
; SLD_NODE_PARAMETER_ASSIGNMENT        ; SLD_DATA_BITS=9                                                          ; --            ; --          ; auto_signaltap_0 ;
; SLD_NODE_PARAMETER_ASSIGNMENT        ; SLD_TRIGGER_BITS=9                                                       ; --            ; --          ; auto_signaltap_0 ;
; SLD_NODE_PARAMETER_ASSIGNMENT        ; SLD_NODE_INFO=805334528                                                  ; --            ; --          ; auto_signaltap_0 ;
; SLD_NODE_PARAMETER_ASSIGNMENT        ; SLD_POWER_UP_TRIGGER=0                                                   ; --            ; --          ; auto_signaltap_0 ;
; SLD_NODE_PARAMETER_ASSIGNMENT        ; SLD_INVERSION_MASK=00000000000000000000000000000000000000000000000000000 ; --            ; --          ; auto_signaltap_0 ;
; SLD_NODE_PARAMETER_ASSIGNMENT        ; SLD_INVERSION_MASK_LENGTH=53                                             ; --            ; --          ; auto_signaltap_0 ;
; SLD_NODE_PARAMETER_ASSIGNMENT        ; SLD_STORAGE_QUALIFIER_INVERSION_MASK_LENGTH=0                            ; --            ; --          ; auto_signaltap_0 ;
; SLD_NODE_PARAMETER_ASSIGNMENT        ; SLD_SEGMENT_SIZE=4096                                                    ; --            ; --          ; auto_signaltap_0 ;
; SLD_NODE_PARAMETER_ASSIGNMENT        ; SLD_ATTRIBUTE_MEM_MODE=OFF                                               ; --            ; --          ; auto_signaltap_0 ;
; SLD_NODE_PARAMETER_ASSIGNMENT        ; SLD_STATE_FLOW_USE_GENERATED=0                                           ; --            ; --          ; auto_signaltap_0 ;
; SLD_NODE_PARAMETER_ASSIGNMENT        ; SLD_STATE_BITS=11                                                        ; --            ; --          ; auto_signaltap_0 ;
; SLD_NODE_PARAMETER_ASSIGNMENT        ; SLD_BUFFER_FULL_STOP=1                                                   ; --            ; --          ; auto_signaltap_0 ;
; SLD_NODE_PARAMETER_ASSIGNMENT        ; SLD_CURRENT_RESOURCE_WIDTH=1                                             ; --            ; --          ; auto_signaltap_0 ;
; SLD_NODE_PARAMETER_ASSIGNMENT        ; SLD_NODE_CRC_LOWORD=49821                                                ; --            ; --          ; auto_signaltap_0 ;
; SLD_NODE_PARAMETER_ASSIGNMENT        ; SLD_NODE_CRC_HIWORD=14979                                                ; --            ; --          ; auto_signaltap_0 ;
; SLD_NODE_PARAMETER_ASSIGNMENT        ; SLD_TRIGGER_LEVEL=1                                                      ; --            ; --          ; auto_signaltap_0 ;
; SLD_NODE_PARAMETER_ASSIGNMENT        ; SLD_SAMPLE_DEPTH=4096                                                    ; --            ; --          ; auto_signaltap_0 ;
; SLD_NODE_PARAMETER_ASSIGNMENT        ; SLD_TRIGGER_IN_ENABLED=0                                                 ; --            ; --          ; auto_signaltap_0 ;
; SLD_NODE_PARAMETER_ASSIGNMENT        ; SLD_ADVANCED_TRIGGER_ENTITY=basic,1,                                     ; --            ; --          ; auto_signaltap_0 ;
; SLD_NODE_PARAMETER_ASSIGNMENT        ; SLD_TRIGGER_LEVEL_PIPELINE=1                                             ; --            ; --          ; auto_signaltap_0 ;
; SLD_NODE_PARAMETER_ASSIGNMENT        ; SLD_ENABLE_ADVANCED_TRIGGER=0                                            ; --            ; --          ; auto_signaltap_0 ;
; USE_SIGNALTAP_FILE                   ; stp1.stp                                                                 ; --            ; --          ; --               ;
+--------------------------------------+--------------------------------------------------------------------------+---------------+-------------+------------------+


+-------------------------------------------------------------------------------------------------------------------------------+
; Flow Elapsed Time                                                                                                             ;
+---------------------------+--------------+-------------------------+---------------------+------------------------------------+
; Module Name               ; Elapsed Time ; Average Processors Used ; Peak Virtual Memory ; Total CPU Time (on all processors) ;
+---------------------------+--------------+-------------------------+---------------------+------------------------------------+
; Analysis & Synthesis      ; 00:00:02     ; 1.0                     ; 4786 MB             ; 00:00:02                           ;
; Fitter                    ; 00:00:16     ; 1.8                     ; 6230 MB             ; 00:00:09                           ;
; Assembler                 ; 00:00:03     ; 1.0                     ; 4735 MB             ; 00:00:02                           ;
; TimeQuest Timing Analyzer ; 00:00:05     ; 4.0                     ; 5086 MB             ; 00:00:01                           ;
; EDA Netlist Writer        ; 00:00:00     ; 1.0                     ; 4644 MB             ; 00:00:00                           ;
; Total                     ; 00:00:26     ; --                      ; --                  ; 00:00:14                           ;
+---------------------------+--------------+-------------------------+---------------------+------------------------------------+


+----------------------------------------------------------------------------------------+
; Flow OS Summary                                                                        ;
+---------------------------+------------------+-----------+------------+----------------+
; Module Name               ; Machine Hostname ; OS Name   ; OS Version ; Processor type ;
+---------------------------+------------------+-----------+------------+----------------+
; Analysis & Synthesis      ; LAPTOP-A8C6JAJ6  ; Windows 7 ; 6.2        ; x86_64         ;
; Fitter                    ; LAPTOP-A8C6JAJ6  ; Windows 7 ; 6.2        ; x86_64         ;
; Assembler                 ; LAPTOP-A8C6JAJ6  ; Windows 7 ; 6.2        ; x86_64         ;
; TimeQuest Timing Analyzer ; LAPTOP-A8C6JAJ6  ; Windows 7 ; 6.2        ; x86_64         ;
; EDA Netlist Writer        ; LAPTOP-A8C6JAJ6  ; Windows 7 ; 6.2        ; x86_64         ;
+---------------------------+------------------+-----------+------------+----------------+


------------
; Flow Log ;
------------
quartus_map --read_settings_files=on --write_settings_files=off FPGA_EXP5 -c FPGA_EXP5
quartus_fit --read_settings_files=off --write_settings_files=off FPGA_EXP5 -c FPGA_EXP5
quartus_asm --read_settings_files=off --write_settings_files=off FPGA_EXP5 -c FPGA_EXP5
quartus_sta FPGA_EXP5 -c FPGA_EXP5
quartus_eda --read_settings_files=off --write_settings_files=off FPGA_EXP5 -c FPGA_EXP5



